# JRE version: Java(TM) SE Runtime Environment (11.0.1+13) (build 11.0.1+13-LTS)
# Java VM: Java HotSpot(TM) 64-Bit Server VM (11.0.1+13-LTS, mixed mode, tiered, compressed oops, g1 gc, windows-amd64)
Heap:
 garbage-first heap   total 131072K, used 22915K [0x0000000080800000, 0x0000000100000000)
  region size 1024K, 19 young (19456K), 3 survivors (3072K)
 Metaspace       used 32174K, capacity 32519K, committed 32768K, reserved 1077248K
  class space    used 3944K, capacity 4067K, committed 4096K, reserved 1048576K
GC Heap History (6 events):
Event: 0.737 GC heap before
{Heap before GC invocations=0 (full 0):
 garbage-first heap   total 131072K, used 17408K [0x0000000080800000, 0x0000000100000000)
  region size 1024K, 14 young (14336K), 0 survivors (0K)
 Metaspace       used 15841K, capacity 16113K, committed 16256K, reserved 1064960K
  class space    used 1565K, capacity 1650K, committed 1664K, reserved 1048576K
}
Event: 0.743 GC heap after
{Heap after GC invocations=1 (full 0):
 garbage-first heap   total 131072K, used 4949K [0x0000000080800000, 0x0000000100000000)
  region size 1024K, 2 young (2048K), 2 survivors (2048K)
 Metaspace       used 15841K, capacity 16113K, committed 16256K, reserved 1064960K
  class space    used 1565K, capacity 1650K, committed 1664K, reserved 1048576K
}
Event: 1.010 GC heap before
{Heap before GC invocations=1 (full 0):
 garbage-first heap   total 131072K, used 19285K [0x0000000080800000, 0x0000000100000000)
  region size 1024K, 17 young (17408K), 2 survivors (2048K)
 Metaspace       used 20874K, capacity 21210K, committed 21248K, reserved 1069056K
  class space    used 2405K, capacity 2539K, committed 2560K, reserved 1048576K
}
Event: 1.014 GC heap after
{Heap after GC invocations=2 (full 0):
 garbage-first heap   total 131072K, used 6097K [0x0000000080800000, 0x0000000100000000)
  region size 1024K, 4 young (4096K), 4 survivors (4096K)
 Metaspace       used 20874K, capacity 21210K, committed 21248K, reserved 1069056K
  class space    used 2405K, capacity 2539K, committed 2560K, reserved 1048576K
}
Event: 1.518 GC heap before
{Heap before GC invocations=3 (full 0):
 garbage-first heap   total 131072K, used 23505K [0x0000000080800000, 0x0000000100000000)
  region size 1024K, 22 young (22528K), 4 survivors (4096K)
 Metaspace       used 27409K, capacity 27703K, committed 27776K, reserved 1073152K
  class space    used 3247K, capacity 3407K, committed 3456K, reserved 1048576K
}
Event: 1.523 GC heap after
{Heap after GC invocations=4 (full 0):
 garbage-first heap   total 131072K, used 7555K [0x0000000080800000, 0x0000000100000000)
  region size 1024K, 3 young (3072K), 3 survivors (3072K)
 Metaspace       used 27409K, capacity 27703K, committed 27776K, reserved 1073152K
  class space    used 3247K, capacity 3407K, committed 3456K, reserved 1048576K
}

