# JRE version: Java(TM) SE Runtime Environment (11.0.1+13) (build 11.0.1+13-LTS)
# Java VM: Java HotSpot(TM) 64-Bit Server VM (11.0.1+13-LTS, mixed mode, tiered, compressed oops, g1 gc, windows-amd64)
Heap:
 garbage-first heap   total 131072K, used 8485K [0x0000000080800000, 0x0000000100000000)
  region size 1024K, 4 young (4096K), 4 survivors (4096K)
 Metaspace       used 33343K, capacity 33709K, committed 33792K, reserved 1087488K
  class space    used 4140K, capacity 4293K, committed 4352K, reserved 1048576K
GC Heap History (10 events):
Event: 0.728 GC heap before
{Heap before GC invocations=0 (full 0):
 garbage-first heap   total 131072K, used 17408K [0x0000000080800000, 0x0000000100000000)
  region size 1024K, 14 young (14336K), 0 survivors (0K)
 Metaspace       used 15835K, capacity 16113K, committed 16256K, reserved 1064960K
  class space    used 1565K, capacity 1650K, committed 1664K, reserved 1048576K
}
Event: 0.733 GC heap after
{Heap after GC invocations=1 (full 0):
 garbage-first heap   total 131072K, used 5023K [0x0000000080800000, 0x0000000100000000)
  region size 1024K, 2 young (2048K), 2 survivors (2048K)
 Metaspace       used 15835K, capacity 16113K, committed 16256K, reserved 1064960K
  class space    used 1565K, capacity 1650K, committed 1664K, reserved 1048576K
}
Event: 0.973 GC heap before
{Heap before GC invocations=1 (full 0):
 garbage-first heap   total 131072K, used 18335K [0x0000000080800000, 0x0000000100000000)
  region size 1024K, 15 young (15360K), 2 survivors (2048K)
 Metaspace       used 20264K, capacity 20634K, committed 20864K, reserved 1067008K
  class space    used 2281K, capacity 2411K, committed 2432K, reserved 1048576K
}
Event: 0.976 GC heap after
{Heap after GC invocations=2 (full 0):
 garbage-first heap   total 131072K, used 5788K [0x0000000080800000, 0x0000000100000000)
  region size 1024K, 1 young (1024K), 1 survivors (1024K)
 Metaspace       used 20264K, capacity 20634K, committed 20864K, reserved 1067008K
  class space    used 2281K, capacity 2411K, committed 2432K, reserved 1048576K
}
Event: 0.996 GC heap before
{Heap before GC invocations=2 (full 0):
 garbage-first heap   total 131072K, used 6812K [0x0000000080800000, 0x0000000100000000)
  region size 1024K, 3 young (3072K), 1 survivors (1024K)
 Metaspace       used 20875K, capacity 21210K, committed 21248K, reserved 1069056K
  class space    used 2406K, capacity 2539K, committed 2560K, reserved 1048576K
}
Event: 0.998 GC heap after
{Heap after GC invocations=3 (full 0):
 garbage-first heap   total 131072K, used 5856K [0x0000000080800000, 0x0000000100000000)
  region size 1024K, 1 young (1024K), 1 survivors (1024K)
 Metaspace       used 20875K, capacity 21210K, committed 21248K, reserved 1069056K
  class space    used 2406K, capacity 2539K, committed 2560K, reserved 1048576K
}
Event: 1.840 GC heap before
{Heap before GC invocations=4 (full 0):
 garbage-first heap   total 131072K, used 37600K [0x0000000080800000, 0x0000000100000000)
  region size 1024K, 32 young (32768K), 1 survivors (1024K)
 Metaspace       used 31768K, capacity 32125K, committed 32256K, reserved 1077248K
  class space    used 3905K, capacity 4026K, committed 4096K, reserved 1048576K
}
Event: 1.844 GC heap after
{Heap after GC invocations=5 (full 0):
 garbage-first heap   total 131072K, used 8053K [0x0000000080800000, 0x0000000100000000)
  region size 1024K, 4 young (4096K), 4 survivors (4096K)
 Metaspace       used 31768K, capacity 32125K, committed 32256K, reserved 1077248K
  class space    used 3905K, capacity 4026K, committed 4096K, reserved 1048576K
}
Event: 2.057 GC heap before
{Heap before GC invocations=5 (full 0):
 garbage-first heap   total 131072K, used 14197K [0x0000000080800000, 0x0000000100000000)
  region size 1024K, 11 young (11264K), 4 survivors (4096K)
 Metaspace       used 33343K, capacity 33709K, committed 33792K, reserved 1085440K
  class space    used 4140K, capacity 4293K, committed 4352K, reserved 1048576K
}
Event: 2.060 GC heap after
{Heap after GC invocations=6 (full 0):
 garbage-first heap   total 131072K, used 8485K [0x0000000080800000, 0x0000000100000000)
  region size 1024K, 4 young (4096K), 4 survivors (4096K)
 Metaspace       used 33343K, capacity 33709K, committed 33792K, reserved 1085440K
  class space    used 4140K, capacity 4293K, committed 4352K, reserved 1048576K
}

