# JRE version: Java(TM) SE Runtime Environment (11.0.1+13) (build 11.0.1+13-LTS)
# Java VM: Java HotSpot(TM) 64-Bit Server VM (11.0.1+13-LTS, mixed mode, tiered, compressed oops, g1 gc, windows-amd64)
Heap:
 garbage-first heap   total 636928K, used 1848K [0x0000000080800000, 0x0000000100000000)
  region size 1024K, 1 young (1024K), 1 survivors (1024K)
 Metaspace       used 12029K, capacity 12277K, committed 12416K, reserved 1060864K
  class space    used 1195K, capacity 1308K, committed 1408K, reserved 1048576K
GC Heap History (10 events):
Event: 0.774 GC heap after
{Heap after GC invocations=12 (full 0):
 garbage-first heap   total 189440K, used 2005K [0x0000000080800000, 0x0000000100000000)
  region size 1024K, 2 young (2048K), 2 survivors (2048K)
 Metaspace       used 12029K, capacity 12277K, committed 12416K, reserved 1060864K
  class space    used 1195K, capacity 1308K, committed 1408K, reserved 1048576K
}
Event: 0.797 GC heap before
{Heap before GC invocations=12 (full 0):
 garbage-first heap   total 189440K, used 113621K [0x0000000080800000, 0x0000000100000000)
  region size 1024K, 111 young (113664K), 2 survivors (2048K)
 Metaspace       used 12029K, capacity 12277K, committed 12416K, reserved 1060864K
  class space    used 1195K, capacity 1308K, committed 1408K, reserved 1048576K
}
Event: 0.802 GC heap after
{Heap after GC invocations=13 (full 0):
 garbage-first heap   total 318464K, used 2005K [0x0000000080800000, 0x0000000100000000)
  region size 1024K, 2 young (2048K), 2 survivors (2048K)
 Metaspace       used 12029K, capacity 12277K, committed 12416K, reserved 1060864K
  class space    used 1195K, capacity 1308K, committed 1408K, reserved 1048576K
}
Event: 0.864 GC heap before
{Heap before GC invocations=13 (full 0):
 garbage-first heap   total 318464K, used 168917K [0x0000000080800000, 0x0000000100000000)
  region size 1024K, 165 young (168960K), 2 survivors (2048K)
 Metaspace       used 12029K, capacity 12277K, committed 12416K, reserved 1060864K
  class space    used 1195K, capacity 1308K, committed 1408K, reserved 1048576K
}
Event: 0.866 GC heap after
{Heap after GC invocations=14 (full 0):
 garbage-first heap   total 318464K, used 1928K [0x0000000080800000, 0x0000000100000000)
  region size 1024K, 2 young (2048K), 2 survivors (2048K)
 Metaspace       used 12029K, capacity 12277K, committed 12416K, reserved 1060864K
  class space    used 1195K, capacity 1308K, committed 1408K, reserved 1048576K
}
Event: 0.899 GC heap before
{Heap before GC invocations=14 (full 0):
 garbage-first heap   total 318464K, used 190344K [0x0000000080800000, 0x0000000100000000)
  region size 1024K, 186 young (190464K), 2 survivors (2048K)
 Metaspace       used 12029K, capacity 12277K, committed 12416K, reserved 1060864K
  class space    used 1195K, capacity 1308K, committed 1408K, reserved 1048576K
}
Event: 0.901 GC heap after
{Heap after GC invocations=15 (full 0):
 garbage-first heap   total 318464K, used 2048K [0x0000000080800000, 0x0000000100000000)
  region size 1024K, 2 young (2048K), 2 survivors (2048K)
 Metaspace       used 12029K, capacity 12277K, committed 12416K, reserved 1060864K
  class space    used 1195K, capacity 1308K, committed 1408K, reserved 1048576K
}
Event: 0.933 GC heap before
{Heap before GC invocations=15 (full 0):
 garbage-first heap   total 318464K, used 190464K [0x0000000080800000, 0x0000000100000000)
  region size 1024K, 186 young (190464K), 2 survivors (2048K)
 Metaspace       used 12029K, capacity 12277K, committed 12416K, reserved 1060864K
  class space    used 1195K, capacity 1308K, committed 1408K, reserved 1048576K
}
Event: 0.936 GC heap after
{Heap after GC invocations=16 (full 0):
 garbage-first heap   total 318464K, used 2116K [0x0000000080800000, 0x0000000100000000)
  region size 1024K, 1 young (1024K), 1 survivors (1024K)
 Metaspace       used 12029K, capacity 12277K, committed 12416K, reserved 1060864K
  class space    used 1195K, capacity 1308K, committed 1408K, reserved 1048576K
}
Event: 0.982 GC heap before
{Heap before GC invocations=16 (full 0):
 garbage-first heap   total 318464K, used 191556K [0x0000000080800000, 0x0000000100000000)
  region size 1024K, 186 young (190464K), 1 survivors (1024K)
 Metaspace       used 12029K, capacity 12277K, committed 12416K, reserved 1060864K
  class space    used 1195K, capacity 1308K, committed 1408K, reserved 1048576K
}

