# JRE version: Java(TM) SE Runtime Environment (11.0.1+13) (build 11.0.1+13-LTS)
# Java VM: Java HotSpot(TM) 64-Bit Server VM (11.0.1+13-LTS, mixed mode, tiered, compressed oops, g1 gc, windows-amd64)
Heap:
 garbage-first heap   total 157696K, used 2627K [0x0000000080800000, 0x0000000100000000)
  region size 1024K, 1 young (1024K), 1 survivors (1024K)
 Metaspace       used 12261K, capacity 12517K, committed 12672K, reserved 1060864K
  class space    used 1230K, capacity 1326K, committed 1408K, reserved 1048576K
GC Heap History (10 events):
Event: 6.780 GC heap after
{Heap after GC invocations=11 (full 0):
 garbage-first heap   total 131072K, used 2637K [0x0000000080800000, 0x0000000100000000)
  region size 1024K, 3 young (3072K), 3 survivors (3072K)
 Metaspace       used 12259K, capacity 12517K, committed 12672K, reserved 1060864K
  class space    used 1230K, capacity 1326K, committed 1408K, reserved 1048576K
}
Event: 6.947 GC heap before
{Heap before GC invocations=11 (full 0):
 garbage-first heap   total 131072K, used 77389K [0x0000000080800000, 0x0000000100000000)
  region size 1024K, 76 young (77824K), 3 survivors (3072K)
 Metaspace       used 12259K, capacity 12517K, committed 12672K, reserved 1060864K
  class space    used 1230K, capacity 1326K, committed 1408K, reserved 1048576K
}
Event: 6.949 GC heap after
{Heap after GC invocations=12 (full 0):
 garbage-first heap   total 131072K, used 2755K [0x0000000080800000, 0x0000000100000000)
  region size 1024K, 3 young (3072K), 3 survivors (3072K)
 Metaspace       used 12259K, capacity 12517K, committed 12672K, reserved 1060864K
  class space    used 1230K, capacity 1326K, committed 1408K, reserved 1048576K
}
Event: 7.076 GC heap before
{Heap before GC invocations=12 (full 0):
 garbage-first heap   total 131072K, used 77507K [0x0000000080800000, 0x0000000100000000)
  region size 1024K, 76 young (77824K), 3 survivors (3072K)
 Metaspace       used 12259K, capacity 12517K, committed 12672K, reserved 1060864K
  class space    used 1230K, capacity 1326K, committed 1408K, reserved 1048576K
}
Event: 7.078 GC heap after
{Heap after GC invocations=13 (full 0):
 garbage-first heap   total 131072K, used 2755K [0x0000000080800000, 0x0000000100000000)
  region size 1024K, 3 young (3072K), 3 survivors (3072K)
 Metaspace       used 12259K, capacity 12517K, committed 12672K, reserved 1060864K
  class space    used 1230K, capacity 1326K, committed 1408K, reserved 1048576K
}
Event: 7.220 GC heap before
{Heap before GC invocations=13 (full 0):
 garbage-first heap   total 131072K, used 77507K [0x0000000080800000, 0x0000000100000000)
  region size 1024K, 76 young (77824K), 3 survivors (3072K)
 Metaspace       used 12259K, capacity 12517K, committed 12672K, reserved 1060864K
  class space    used 1230K, capacity 1326K, committed 1408K, reserved 1048576K
}
Event: 7.222 GC heap after
{Heap after GC invocations=14 (full 0):
 garbage-first heap   total 131072K, used 2517K [0x0000000080800000, 0x0000000100000000)
  region size 1024K, 3 young (3072K), 3 survivors (3072K)
 Metaspace       used 12259K, capacity 12517K, committed 12672K, reserved 1060864K
  class space    used 1230K, capacity 1326K, committed 1408K, reserved 1048576K
}
Event: 7.315 GC heap before
{Heap before GC invocations=14 (full 0):
 garbage-first heap   total 131072K, used 77269K [0x0000000080800000, 0x0000000100000000)
  region size 1024K, 76 young (77824K), 3 survivors (3072K)
 Metaspace       used 12261K, capacity 12517K, committed 12672K, reserved 1060864K
  class space    used 1230K, capacity 1326K, committed 1408K, reserved 1048576K
}
Event: 7.317 GC heap after
{Heap after GC invocations=15 (full 0):
 garbage-first heap   total 131072K, used 2519K [0x0000000080800000, 0x0000000100000000)
  region size 1024K, 3 young (3072K), 3 survivors (3072K)
 Metaspace       used 12261K, capacity 12517K, committed 12672K, reserved 1060864K
  class space    used 1230K, capacity 1326K, committed 1408K, reserved 1048576K
}
Event: 7.456 GC heap before
{Heap before GC invocations=15 (full 0):
 garbage-first heap   total 131072K, used 77271K [0x0000000080800000, 0x0000000100000000)
  region size 1024K, 76 young (77824K), 3 survivors (3072K)
 Metaspace       used 12261K, capacity 12517K, committed 12672K, reserved 1060864K
  class space    used 1230K, capacity 1326K, committed 1408K, reserved 1048576K
}

